2020-12-04 10:19:53.452 ERROR com.tools.module.app.util.AliYunUtils Line:42  - 阿里云OSS初始化失败，请配置正确的参数
2020-12-04 10:19:53.726 ERROR com.tools.module.app.util.MinIoUtils Line:42  - MinIo初始化失败，请配置正确的参数
2020-12-04 10:20:00.752 ERROR org.springframework.boot.SpringApplication Line:826 - Application run failed
org.springframework.beans.factory.BeanCreationException: Error creating bean with name 'redissonSingle' defined in class path resource [com/tools/common/redis/RedissonAutoConfiguration.class]: Bean instantiation via factory method failed; nested exception is org.springframework.beans.BeanInstantiationException: Failed to instantiate [org.redisson.api.RedissonClient]: Factory method 'redissonSingle' threw exception; nested exception is org.redisson.client.RedisConnectionException: Unable to connect to Redis server: /127.0.0.1:6379
	at org.springframework.beans.factory.support.ConstructorResolver.instantiate(ConstructorResolver.java:656)
	at org.springframework.beans.factory.support.ConstructorResolver.instantiateUsingFactoryMethod(ConstructorResolver.java:484)
	at org.springframework.beans.factory.support.AbstractAutowireCapableBeanFactory.instantiateUsingFactoryMethod(AbstractAutowireCapableBeanFactory.java:1338)
	at org.springframework.beans.factory.support.AbstractAutowireCapableBeanFactory.createBeanInstance(AbstractAutowireCapableBeanFactory.java:1177)
	at org.springframework.beans.factory.support.AbstractAutowireCapableBeanFactory.doCreateBean(AbstractAutowireCapableBeanFactory.java:557)
	at org.springframework.beans.factory.support.AbstractAutowireCapableBeanFactory.createBean(AbstractAutowireCapableBeanFactory.java:517)
	at org.springframework.beans.factory.support.AbstractBeanFactory.lambda$doGetBean$0(AbstractBeanFactory.java:323)
	at org.springframework.beans.factory.support.DefaultSingletonBeanRegistry.getSingleton(DefaultSingletonBeanRegistry.java:222)
	at org.springframework.beans.factory.support.AbstractBeanFactory.doGetBean(AbstractBeanFactory.java:321)
	at org.springframework.beans.factory.support.AbstractBeanFactory.getBean(AbstractBeanFactory.java:202)
	at org.springframework.beans.factory.support.DefaultListableBeanFactory.preInstantiateSingletons(DefaultListableBeanFactory.java:882)
	at org.springframework.context.support.AbstractApplicationContext.finishBeanFactoryInitialization(AbstractApplicationContext.java:878)
	at org.springframework.context.support.AbstractApplicationContext.refresh(AbstractApplicationContext.java:550)
	at org.springframework.boot.web.servlet.context.ServletWebServerApplicationContext.refresh(ServletWebServerApplicationContext.java:141)
	at org.springframework.boot.SpringApplication.refresh(SpringApplication.java:747)
	at org.springframework.boot.SpringApplication.refreshContext(SpringApplication.java:397)
	at org.springframework.boot.SpringApplication.run(SpringApplication.java:315)
	at org.springframework.boot.SpringApplication.run(SpringApplication.java:1226)
	at org.springframework.boot.SpringApplication.run(SpringApplication.java:1215)
	at com.tools.Application.main(Application.java:30)
Caused by: org.springframework.beans.BeanInstantiationException: Failed to instantiate [org.redisson.api.RedissonClient]: Factory method 'redissonSingle' threw exception; nested exception is org.redisson.client.RedisConnectionException: Unable to connect to Redis server: /127.0.0.1:6379
	at org.springframework.beans.factory.support.SimpleInstantiationStrategy.instantiate(SimpleInstantiationStrategy.java:185)
	at org.springframework.beans.factory.support.ConstructorResolver.instantiate(ConstructorResolver.java:651)
	... 19 common frames omitted
Caused by: org.redisson.client.RedisConnectionException: Unable to connect to Redis server: /127.0.0.1:6379
	at org.redisson.connection.pool.ConnectionPool$2$1.operationComplete(ConnectionPool.java:138)
	at io.netty.util.concurrent.DefaultPromise.notifyListener0(DefaultPromise.java:577)
	at io.netty.util.concurrent.DefaultPromise.notifyListenersNow(DefaultPromise.java:551)
	at io.netty.util.concurrent.DefaultPromise.notifyListeners(DefaultPromise.java:490)
	at io.netty.util.concurrent.DefaultPromise.setValue0(DefaultPromise.java:615)
	at io.netty.util.concurrent.DefaultPromise.setFailure0(DefaultPromise.java:608)
	at io.netty.util.concurrent.DefaultPromise.tryFailure(DefaultPromise.java:117)
	at org.redisson.misc.RedissonPromise.tryFailure(RedissonPromise.java:83)
	at org.redisson.connection.pool.ConnectionPool.promiseFailure(ConnectionPool.java:301)
	at org.redisson.connection.pool.ConnectionPool.access$400(ConnectionPool.java:54)
	at org.redisson.connection.pool.ConnectionPool$4.operationComplete(ConnectionPool.java:266)
	at io.netty.util.concurrent.DefaultPromise.notifyListener0(DefaultPromise.java:577)
	at io.netty.util.concurrent.DefaultPromise.notifyListeners0(DefaultPromise.java:570)
	at io.netty.util.concurrent.DefaultPromise.notifyListenersNow(DefaultPromise.java:549)
	at io.netty.util.concurrent.DefaultPromise.notifyListeners(DefaultPromise.java:490)
	at io.netty.util.concurrent.DefaultPromise.setValue0(DefaultPromise.java:615)
	at io.netty.util.concurrent.DefaultPromise.setFailure0(DefaultPromise.java:608)
	at io.netty.util.concurrent.DefaultPromise.tryFailure(DefaultPromise.java:117)
	at org.redisson.misc.RedissonPromise.tryFailure(RedissonPromise.java:83)
	at org.redisson.client.RedisClient$2$1$2.run(RedisClient.java:225)
	at io.netty.util.concurrent.AbstractEventExecutor.safeExecute(AbstractEventExecutor.java:164)
	at io.netty.util.concurrent.SingleThreadEventExecutor.runAllTasks(SingleThreadEventExecutor.java:472)
	at io.netty.channel.nio.NioEventLoop.run(NioEventLoop.java:500)
	at io.netty.util.concurrent.SingleThreadEventExecutor$4.run(SingleThreadEventExecutor.java:989)
	at io.netty.util.internal.ThreadExecutorMap$2.run(ThreadExecutorMap.java:74)
	at io.netty.util.concurrent.FastThreadLocalRunnable.run(FastThreadLocalRunnable.java:30)
	at java.lang.Thread.run(Thread.java:748)
Caused by: io.netty.channel.AbstractChannel$AnnotatedConnectException: Connection refused: no further information: /127.0.0.1:6379
Caused by: java.net.ConnectException: Connection refused: no further information
	at sun.nio.ch.SocketChannelImpl.checkConnect(Native Method)
	at sun.nio.ch.SocketChannelImpl.finishConnect(SocketChannelImpl.java:717)
	at io.netty.channel.socket.nio.NioSocketChannel.doFinishConnect(NioSocketChannel.java:330)
	at io.netty.channel.nio.AbstractNioChannel$AbstractNioUnsafe.finishConnect(AbstractNioChannel.java:334)
	at io.netty.channel.nio.NioEventLoop.processSelectedKey(NioEventLoop.java:702)
	at io.netty.channel.nio.NioEventLoop.processSelectedKeysOptimized(NioEventLoop.java:650)
	at io.netty.channel.nio.NioEventLoop.processSelectedKeys(NioEventLoop.java:576)
	at io.netty.channel.nio.NioEventLoop.run(NioEventLoop.java:493)
	at io.netty.util.concurrent.SingleThreadEventExecutor$4.run(SingleThreadEventExecutor.java:989)
	at io.netty.util.internal.ThreadExecutorMap$2.run(ThreadExecutorMap.java:74)
	at io.netty.util.concurrent.FastThreadLocalRunnable.run(FastThreadLocalRunnable.java:30)
	at java.lang.Thread.run(Thread.java:748)
2020-12-04 10:20:39.829 ERROR com.tools.module.app.util.AliYunUtils Line:42  - 阿里云OSS初始化失败，请配置正确的参数
2020-12-04 10:20:40.139 ERROR com.tools.module.app.util.MinIoUtils Line:42  - MinIo初始化失败，请配置正确的参数
2020-12-04 10:45:09.758 ERROR com.tools.module.app.util.AliYunUtils Line:42  - 阿里云OSS初始化失败，请配置正确的参数
2020-12-04 10:45:10.632 ERROR com.tools.module.app.util.MinIoUtils Line:42  - MinIo初始化失败，请配置正确的参数
2020-12-04 10:47:34.831 ERROR com.tools.module.app.util.AliYunUtils Line:42  - 阿里云OSS初始化失败，请配置正确的参数
2020-12-04 10:47:35.083 ERROR com.tools.module.app.util.MinIoUtils Line:42  - MinIo初始化失败，请配置正确的参数
2020-12-04 10:50:25.088 ERROR com.tools.module.app.util.AliYunUtils Line:42  - 阿里云OSS初始化失败，请配置正确的参数
2020-12-04 10:50:25.344 ERROR com.tools.module.app.util.MinIoUtils Line:42  - MinIo初始化失败，请配置正确的参数
2020-12-04 14:09:13.787 ERROR com.tools.module.app.util.AliYunUtils Line:42  - 阿里云OSS初始化失败，请配置正确的参数
2020-12-04 14:09:14.069 ERROR com.tools.module.app.util.MinIoUtils Line:42  - MinIo初始化失败，请配置正确的参数
2020-12-04 14:13:00.233 ERROR com.tools.module.app.util.AliYunUtils Line:42  - 阿里云OSS初始化失败，请配置正确的参数
2020-12-04 14:13:00.512 ERROR com.tools.module.app.util.MinIoUtils Line:42  - MinIo初始化失败，请配置正确的参数
2020-12-04 17:13:03.716 ERROR com.tools.module.app.util.AliYunUtils Line:42  - 阿里云OSS初始化失败，请配置正确的参数
2020-12-04 17:13:04.828 ERROR com.tools.module.app.util.MinIoUtils Line:42  - MinIo初始化失败，请配置正确的参数
2020-12-04 17:13:12.908 ERROR org.springframework.boot.diagnostics.LoggingFailureAnalysisReporter Line:40  - 

***************************
APPLICATION FAILED TO START
***************************

Description:

Web server failed to start. Port 8080 was already in use.

Action:

Identify and stop the process that's listening on port 8080 or configure this application to listen on another port.

2020-12-04 17:14:37.282 ERROR com.tools.module.app.util.AliYunUtils Line:42  - 阿里云OSS初始化失败，请配置正确的参数
2020-12-04 17:14:37.622 ERROR com.tools.module.app.util.MinIoUtils Line:42  - MinIo初始化失败，请配置正确的参数
2020-12-04 17:14:47.402 ERROR org.springframework.boot.diagnostics.LoggingFailureAnalysisReporter Line:40  - 

***************************
APPLICATION FAILED TO START
***************************

Description:

Web server failed to start. Port 8080 was already in use.

Action:

Identify and stop the process that's listening on port 8080 or configure this application to listen on another port.

2020-12-04 17:16:40.122 ERROR com.tools.module.app.util.AliYunUtils Line:42  - 阿里云OSS初始化失败，请配置正确的参数
2020-12-04 17:16:40.587 ERROR com.tools.module.app.util.MinIoUtils Line:42  - MinIo初始化失败，请配置正确的参数
2020-12-04 17:16:46.961 ERROR org.springframework.boot.diagnostics.LoggingFailureAnalysisReporter Line:40  - 

***************************
APPLICATION FAILED TO START
***************************

Description:

Web server failed to start. Port 8080 was already in use.

Action:

Identify and stop the process that's listening on port 8080 or configure this application to listen on another port.

2020-12-04 18:27:15.732 ERROR com.tools.module.app.util.AliYunUtils Line:42  - 阿里云OSS初始化失败，请配置正确的参数
2020-12-04 18:27:16.314 ERROR com.tools.module.app.util.MinIoUtils Line:42  - MinIo初始化失败，请配置正确的参数
2020-12-04 20:46:35.134 ERROR com.tools.module.app.util.AliYunUtils Line:42  - 阿里云OSS初始化失败，请配置正确的参数
2020-12-04 20:46:35.449 ERROR com.tools.module.app.util.MinIoUtils Line:42  - MinIo初始化失败，请配置正确的参数
2020-12-04 20:53:42.648 ERROR com.tools.module.app.util.AliYunUtils Line:42  - 阿里云OSS初始化失败，请配置正确的参数
2020-12-04 20:53:42.953 ERROR com.tools.module.app.util.MinIoUtils Line:42  - MinIo初始化失败，请配置正确的参数
2020-12-04 20:59:44.230 ERROR com.tools.module.app.util.AliYunUtils Line:42  - 阿里云OSS初始化失败，请配置正确的参数
2020-12-04 20:59:44.541 ERROR com.tools.module.app.util.MinIoUtils Line:42  - MinIo初始化失败，请配置正确的参数
2020-12-04 21:06:22.494 ERROR com.tools.module.app.util.AliYunUtils Line:42  - 阿里云OSS初始化失败，请配置正确的参数
2020-12-04 21:06:22.814 ERROR com.tools.module.app.util.MinIoUtils Line:42  - MinIo初始化失败，请配置正确的参数
